{
 "cells": [
  {
   "cell_type": "markdown",
   "id": "daf39ad1-864e-4dfd-9f8c-bc041c7ece4a",
   "metadata": {},
   "source": [
    "# Tietokantakyselyiden suorituskyvyn mittaus ja optimointi"
   ]
  },
  {
   "cell_type": "markdown",
   "id": "b9a9f497-4607-4857-a9d5-05ac991d12dd",
   "metadata": {},
   "source": [
    "Laitteisto, jolla kyselyiden suorituskyky on mitattu:\n",
    "\n",
    "* CPU: AMD Ryzen 5 3600 6-Core Processor 3.95 GHz\n",
    "* RAM: 32GB\n",
    "* OS: Windows 11 Home\n",
    "* SSD: Samsung SSD 840 EVO 250GB    "
   ]
  },
  {
   "cell_type": "markdown",
   "id": "d4f7dce3-d237-4fba-a3c4-17c1e8ca64d4",
   "metadata": {},
   "source": [
    "## Mitattavat ja optimoitavat kyselyt"
   ]
  },
  {
   "cell_type": "markdown",
   "id": "9c0ce71d-335e-45b7-8d5c-e543ffac4985",
   "metadata": {},
   "source": [
    "## rekisteroityjen_autojen_tiedot_aikavalilla\n",
    "käytetty aikaväli 1975 - 2017"
   ]
  },
  {
   "cell_type": "raw",
   "id": "34c4cff8-5728-4195-bfb3-e7dcf5c38553",
   "metadata": {},
   "source": [
    "SELECT ar.merkkiselvakielinen AS merkki, v.selite_fi AS vari, kt.selite_fi AS korityyppi, \n",
    "    ot.selite_fi AS ohjaamotyyppi, ar.istumapaikkojenlkm, ar.omamassa, kv.selite_fi AS kayttovoima, \n",
    "    ar.iskutilavuus, ar.suurinnettoteho, ar.sylintereidenlkm, ar.ahdin, ar.sahkohybridi,\n",
    "    vt.selite_fi AS vaihteisto, ar.vaihteidenlkm, ku.selite_fi AS kunta, ar.matkamittarilukema \n",
    "FROM ajoneuvorekisteroinnit ar\n",
    "LEFT JOIN vari v ON v.id =  ar.vari\n",
    "LEFT JOIN kunta ku ON ku.id = ar.kunta\n",
    "LEFT JOIN korityyppi kt ON kt.id = ar.korityyppi\n",
    "LEFT JOIN ohjaamotyyppi ot ON ot.id = ar.ohjaamotyyppi\n",
    "LEFT JOIN kayttovoima kv ON kv.id = ar.kayttovoima\n",
    "LEFT JOIN vaihteistotyyppi vt ON vt.id = ar.vaihteistotyyppi\n",
    "WHERE ajoneuvoluokka = 'M1'\n",
    "AND ensirekisterointipvm >= '1975-01-01' \n",
    "AND ensirekisterointipvm < '2017-01-01'"
   ]
  },
  {
   "cell_type": "raw",
   "id": "8443b507-946d-4284-a61b-ce04782703c9",
   "metadata": {},
   "source": [
    "suoritussuunnitelma ilman indeksöintiä\n",
    "\n",
    "\"Hash Left Join  (cost=18.06..483517.21 rows=1820742 width=198) (actual time=0.281..5812.436 rows=1863835 loops=1)\"\n",
    "\"  Hash Cond: ((ar.vaihteistotyyppi)::text = (vt.id)::text)\"\n",
    "\"  ->  Hash Left Join  (cost=16.86..478285.40 rows=1820742 width=168) (actual time=0.266..5340.601 rows=1863835 loops=1)\"\n",
    "\"        Hash Cond: ((ar.kayttovoima)::text = (kv.id)::text)\"\n",
    "\"        ->  Hash Left Join  (cost=14.78..473183.87 rows=1820742 width=139) (actual time=0.238..4790.273 rows=1863835 loops=1)\"\n",
    "\"              Hash Cond: (ar.ohjaamotyyppi = ot.id)\"\n",
    "\"              ->  Hash Left Join  (cost=13.69..467511.91 rows=1820742 width=111) (actual time=0.222..4414.511 rows=1863835 loops=1)\"\n",
    "\"                    Hash Cond: ((ar.korityyppi)::text = (kt.id)::text)\"\n",
    "\"                    ->  Hash Left Join  (cost=11.38..462551.46 rows=1820742 width=87) (actual time=0.185..3860.051 rows=1863835 loops=1)\"\n",
    "\"                          Hash Cond: (ar.kunta = ku.id)\"\n",
    "\"                          ->  Hash Left Join  (cost=1.29..457697.63 rows=1820742 width=82) (actual time=0.083..3379.228 rows=1863835 loops=1)\"\n",
    "\"                                Hash Cond: ((ar.vari)::text = (v.id)::text)\"\n",
    "\"                                ->  Seq Scan on ajoneuvorekisteroinnit ar  (cost=0.00..451986.16 rows=1820742 width=52) (actual time=0.058..2428.023 rows=1863835 loops=1)\"\n",
    "\"                                      Filter: ((ensirekisterointipvm >= '1975-01-01'::date) AND (ensirekisterointipvm < '2017-01-01'::date) AND ((ajoneuvoluokka)::text = 'M1'::text))\"\n",
    "\"                                      Rows Removed by Filter: 2122510\"\n",
    "\"                                ->  Hash  (cost=1.13..1.13 rows=13 width=64) (actual time=0.014..0.015 rows=13 loops=1)\"\n",
    "\"                                      Buckets: 1024  Batches: 1  Memory Usage: 9kB\"\n",
    "\"                                      ->  Seq Scan on vari v  (cost=0.00..1.13 rows=13 width=64) (actual time=0.006..0.008 rows=13 loops=1)\"\n",
    "\"                          ->  Hash  (cost=6.15..6.15 rows=315 width=13) (actual time=0.095..0.095 rows=315 loops=1)\"\n",
    "\"                                Buckets: 1024  Batches: 1  Memory Usage: 23kB\"\n",
    "\"                                ->  Seq Scan on kunta ku  (cost=0.00..6.15 rows=315 width=13) (actual time=0.008..0.045 rows=315 loops=1)\"\n",
    "\"                    ->  Hash  (cost=1.58..1.58 rows=58 width=30) (actual time=0.028..0.029 rows=58 loops=1)\"\n",
    "\"                          Buckets: 1024  Batches: 1  Memory Usage: 12kB\"\n",
    "\"                          ->  Seq Scan on korityyppi kt  (cost=0.00..1.58 rows=58 width=30) (actual time=0.005..0.011 rows=58 loops=1)\"\n",
    "\"              ->  Hash  (cost=1.04..1.04 rows=4 width=36) (actual time=0.010..0.011 rows=4 loops=1)\"\n",
    "\"                    Buckets: 1024  Batches: 1  Memory Usage: 9kB\"\n",
    "\"                    ->  Seq Scan on ohjaamotyyppi ot  (cost=0.00..1.04 rows=4 width=36) (actual time=0.005..0.005 rows=4 loops=1)\"\n",
    "\"        ->  Hash  (cost=1.48..1.48 rows=48 width=64) (actual time=0.021..0.021 rows=48 loops=1)\"\n",
    "\"              Buckets: 1024  Batches: 1  Memory Usage: 11kB\"\n",
    "\"              ->  Seq Scan on kayttovoima kv  (cost=0.00..1.48 rows=48 width=64) (actual time=0.006..0.011 rows=48 loops=1)\"\n",
    "\"  ->  Hash  (cost=1.09..1.09 rows=9 width=64) (actual time=0.009..0.009 rows=9 loops=1)\"\n",
    "\"        Buckets: 1024  Batches: 1  Memory Usage: 9kB\"\n",
    "\"        ->  Seq Scan on vaihteistotyyppi vt  (cost=0.00..1.09 rows=9 width=64) (actual time=0.005..0.006 rows=9 loops=1)\""
   ]
  },
  {
   "cell_type": "markdown",
   "id": "c536c2bd-2b02-4847-94fe-4080bf30658c",
   "metadata": {},
   "source": [
    "#### viiden ajon keskimääräinen paikallisvaste ilman optimointia\n",
    "\n",
    "| Suorituskerta | Suunnitteluaika  | Suoritusaika     | Yhteensä     |\n",
    "|---------------|------------------|------------------|--------------|\n",
    "|   1.          | 1.687            | 5875.000         | 5876.687     |\n",
    "|   2.          | 1.540            | 5730.397         | 5731.937     |\n",
    "|   3.          | 1.530            | 5820.993         | 5822.523     |\n",
    "|   4.          | 1.753            | 5793.192         | 5794.945     |\n",
    "|   5.          | 1.528            | 5802.630         | 5804.158     |\n",
    "|---------------|------------------|------------------|--------------|\n",
    "|   Keskimäärin | 1.608            | 5804.442         | 5806.050     |\n"
   ]
  },
  {
   "cell_type": "raw",
   "id": "d4ffa504-bc19-4ced-940e-295e9d2284d1",
   "metadata": {},
   "source": [
    "Luodaan tietokantaan seuraavat indexit\n",
    "\n",
    "CREATE INDEX idx_ajoneuvorekisteroinnit_ajoneuvoluokka_ensirekisterointipvm ON ajoneuvorekisteroinnit (ajoneuvoluokka, ensirekisterointipvm);\n",
    "CREATE INDEX idx_ajoneuvoluokka_m1 ON ajoneuvorekisteroinnit (ensirekisterointipvm) WHERE ajoneuvoluokka = 'M1';\n",
    "CREATE INDEX idx_covered_ajoneuvorekisteroinnit ON ajoneuvorekisteroinnit (ajoneuvoluokka, ensirekisterointipvm, merkkiselvakielinen, vari, korityyppi, ohjaamotyyppi, istumapaikkojenlkm, omamassa, kayttovoima, iskutilavuus, suurinnettoteho, sylintereidenlkm, ahdin, sahkohybridi, vaihteistotyyppi, vaihteidenlkm, kunta, matkamittarilukema);\n"
   ]
  },
  {
   "cell_type": "raw",
   "id": "69185f85-1dcf-4f87-9b84-a85f48762129",
   "metadata": {},
   "source": [
    "suoritussuunnitelma indeksöinnin jälkeen\n",
    "\n",
    "\"Hash Left Join  (cost=18.61..140488.54 rows=1815975 width=198) (actual time=0.180..3595.491 rows=1863835 loops=1)\"\n",
    "\"  Hash Cond: ((ar.vaihteistotyyppi)::text = (vt.id)::text)\"\n",
    "\"  ->  Hash Left Join  (cost=17.41..135270.42 rows=1815975 width=168) (actual time=0.168..3133.454 rows=1863835 loops=1)\"\n",
    "\"        Hash Cond: ((ar.kayttovoima)::text = (kv.id)::text)\"\n",
    "\"        ->  Hash Left Join  (cost=15.33..130182.24 rows=1815975 width=139) (actual time=0.148..2586.386 rows=1863835 loops=1)\"\n",
    "\"              Hash Cond: (ar.ohjaamotyyppi = ot.id)\"\n",
    "\"              ->  Hash Left Join  (cost=14.24..124525.13 rows=1815975 width=111) (actual time=0.137..2211.164 rows=1863835 loops=1)\"\n",
    "\"                    Hash Cond: ((ar.korityyppi)::text = (kt.id)::text)\"\n",
    "\"                    ->  Hash Left Join  (cost=11.94..119577.67 rows=1815975 width=87) (actual time=0.113..1690.118 rows=1863835 loops=1)\"\n",
    "\"                          Hash Cond: (ar.kunta = ku.id)\"\n",
    "\"                          ->  Hash Left Join  (cost=1.85..114736.51 rows=1815975 width=82) (actual time=0.041..1218.883 rows=1863835 loops=1)\"\n",
    "\"                                Hash Cond: ((ar.vari)::text = (v.id)::text)\"\n",
    "\"                                ->  Index Only Scan using idx_covering_query on ajoneuvorekisteroinnit ar  (cost=0.56..109039.99 rows=1815975 width=52) (actual time=0.020..638.548 rows=1863835 loops=1)\"\n",
    "\"                                      Index Cond: ((ajoneuvoluokka = 'M1'::text) AND (ensirekisterointipvm >= '1975-01-01'::date) AND (ensirekisterointipvm < '2017-01-01'::date))\"\n",
    "\"                                      Heap Fetches: 10\"\n",
    "\"                                ->  Hash  (cost=1.13..1.13 rows=13 width=64) (actual time=0.014..0.015 rows=13 loops=1)\"\n",
    "\"                                      Buckets: 1024  Batches: 1  Memory Usage: 9kB\"\n",
    "\"                                      ->  Seq Scan on vari v  (cost=0.00..1.13 rows=13 width=64) (actual time=0.008..0.009 rows=13 loops=1)\"\n",
    "\"                          ->  Hash  (cost=6.15..6.15 rows=315 width=13) (actual time=0.067..0.067 rows=315 loops=1)\"\n",
    "\"                                Buckets: 1024  Batches: 1  Memory Usage: 23kB\"\n",
    "\"                                ->  Seq Scan on kunta ku  (cost=0.00..6.15 rows=315 width=13) (actual time=0.006..0.033 rows=315 loops=1)\"\n",
    "\"                    ->  Hash  (cost=1.58..1.58 rows=58 width=30) (actual time=0.017..0.017 rows=58 loops=1)\"\n",
    "\"                          Buckets: 1024  Batches: 1  Memory Usage: 12kB\"\n",
    "\"                          ->  Seq Scan on korityyppi kt  (cost=0.00..1.58 rows=58 width=30) (actual time=0.004..0.009 rows=58 loops=1)\"\n",
    "\"              ->  Hash  (cost=1.04..1.04 rows=4 width=36) (actual time=0.006..0.006 rows=4 loops=1)\"\n",
    "\"                    Buckets: 1024  Batches: 1  Memory Usage: 9kB\"\n",
    "\"                    ->  Seq Scan on ohjaamotyyppi ot  (cost=0.00..1.04 rows=4 width=36) (actual time=0.004..0.004 rows=4 loops=1)\"\n",
    "\"        ->  Hash  (cost=1.48..1.48 rows=48 width=64) (actual time=0.014..0.015 rows=48 loops=1)\"\n",
    "\"              Buckets: 1024  Batches: 1  Memory Usage: 11kB\"\n",
    "\"              ->  Seq Scan on kayttovoima kv  (cost=0.00..1.48 rows=48 width=64) (actual time=0.004..0.007 rows=48 loops=1)\"\n",
    "\"  ->  Hash  (cost=1.09..1.09 rows=9 width=64) (actual time=0.007..0.007 rows=9 loops=1)\"\n",
    "\"        Buckets: 1024  Batches: 1  Memory Usage: 9kB\"\n",
    "\"        ->  Seq Scan on vaihteistotyyppi vt  (cost=0.00..1.09 rows=9 width=64) (actual time=0.004..0.005 rows=9 loops=1)\""
   ]
  },
  {
   "cell_type": "markdown",
   "id": "982830b8-cf62-4254-894f-c6ad93056336",
   "metadata": {},
   "source": [
    "#### viiden ajon keskimääräinen paikallisvaste optimoinnin jälkeen\n",
    "\n",
    "| Suorituskerta | Suunnitteluaika  | Suoritusaika | Yhteensä  |\n",
    "|---------------|------------------|--------------|-----------|\n",
    "| 1.            | 1.695            | 3708.344     | 3710.039  |\n",
    "| 2.            | 1.881            | 3688.000     | 3689.881  |\n",
    "| 3.            | 2.133            | 3624.981     | 3627.114  |\n",
    "| 4.            | 1.688            | 3616.413     | 3618.101  |\n",
    "| 5.            | 1.626            | 4005.606     | 4007.232  |\n",
    "|---------------|------------------|--------------|-----------|\n",
    "| Keskimäärin   | 1.805            | 3728.669     | 3730.473  |"
   ]
  },
  {
   "cell_type": "markdown",
   "id": "4828b696-7492-495c-be42-5f3ff5a60e20",
   "metadata": {},
   "source": [
    "Tulokset\n",
    "\n",
    "Kyselyn suunnitteluaika kasvoi keskimäärin noin 10%, kun taas suoritusaika ja kokonaisaika laskivat keskimäärin noin 35%\n",
    "\n",
    "Kyselyn kokonaisuoritusaika laski keskimäärin noin 2 sekuntia"
   ]
  },
  {
   "cell_type": "markdown",
   "id": "85bffcf7-7d6d-4540-9c4d-0edf33f63446",
   "metadata": {},
   "source": [
    "## ensirekisteroidyt_merkit_vuosittain_aikavalilla\n",
    "käytetty aikaväli 2010 - 2022"
   ]
  },
  {
   "cell_type": "raw",
   "id": "c9a244db-0f2e-453b-97f2-d52325ef38d3",
   "metadata": {},
   "source": [
    "EXPLAIN ANALYZE SELECT am.selite AS merkki, \n",
    "    SUM(u.vuosi2010) AS vuosi2010, \n",
    "    SUM(u.vuosi2011) AS vuosi2011, \n",
    "    SUM(u.vuosi2012) AS vuosi2012, \n",
    "    SUM(u.vuosi2013) AS vuosi2013, \n",
    "    SUM(u.vuosi2014) AS vuosi2014, \n",
    "    SUM(u.vuosi2015) AS vuosi2015, \n",
    "    SUM(u.vuosi2016) AS vuosi2016, \n",
    "    SUM(u.vuosi2017) AS vuosi2017, \n",
    "    SUM(u.vuosi2018) AS vuosi2018, \n",
    "    SUM(u.vuosi2019) AS vuosi2019, \n",
    "    SUM(u.vuosi2020) AS vuosi2020, \n",
    "    SUM(u.vuosi2021) AS vuosi2021, \n",
    "    SUM(u.vuosi2022) AS vuosi2022 \n",
    "FROM (\n",
    "  SELECT\n",
    "    ar.merkki_id , \n",
    "        COUNT(CASE WHEN EXTRACT(YEAR FROM ar.ensirekisterointipvm) = 2010 THEN 1 END) AS vuosi2010, \n",
    "        COUNT(CASE WHEN EXTRACT(YEAR FROM ar.ensirekisterointipvm) = 2011 THEN 1 END) AS vuosi2011, \n",
    "        COUNT(CASE WHEN EXTRACT(YEAR FROM ar.ensirekisterointipvm) = 2012 THEN 1 END) AS vuosi2012, \n",
    "        COUNT(CASE WHEN EXTRACT(YEAR FROM ar.ensirekisterointipvm) = 2013 THEN 1 END) AS vuosi2013, \n",
    "        COUNT(CASE WHEN EXTRACT(YEAR FROM ar.ensirekisterointipvm) = 2014 THEN 1 END) AS vuosi2014, \n",
    "        COUNT(CASE WHEN EXTRACT(YEAR FROM ar.ensirekisterointipvm) = 2015 THEN 1 END) AS vuosi2015, \n",
    "        COUNT(CASE WHEN EXTRACT(YEAR FROM ar.ensirekisterointipvm) = 2016 THEN 1 END) AS vuosi2016, \n",
    "        0 AS vuosi2017,\n",
    "        0 AS vuosi2018, \n",
    "        0 AS vuosi2019, \n",
    "        0 AS vuosi2020, \n",
    "        0 AS vuosi2021, \n",
    "        0 AS vuosi2022 \n",
    "  FROM\n",
    "    ajoneuvorekisteroinnit ar\n",
    "  WHERE\n",
    "    ar.ajoneuvoluokka = 'M1' AND ar.merkki_id IS NOT NULL\n",
    "  GROUP BY\n",
    "    ar.merkki_id\n",
    "\n",
    "  UNION\n",
    "\n",
    "  SELECT\n",
    "    rek.merkki_id, \n",
    "        0 AS vuosi2010, \n",
    "        0 AS vuosi2011, \n",
    "        0 AS vuosi2012, \n",
    "        0 AS vuosi2013, \n",
    "        0 AS vuosi2014, \n",
    "        0 AS vuosi2015, \n",
    "        0 AS vuosi2016, \n",
    "        SUM(rek.vuosi2017) AS vuosi2017, \n",
    "        SUM(rek.vuosi2018) AS vuosi2018, \n",
    "        SUM(rek.vuosi2019) AS vuosi2019, \n",
    "        SUM(rek.vuosi2020) AS vuosi2020, \n",
    "        SUM(rek.vuosi2021) AS vuosi2021, \n",
    "        SUM(rek.vuosi2022) AS vuosi2022\n",
    "FROM\n",
    "  rekisteroinnitmalleittain rek\n",
    "WHERE\n",
    "  rek.merkki_id IS NOT NULL\n",
    "GROUP BY\n",
    "  rek.merkki_id\n",
    ") AS u\n",
    "JOIN ajoneuvomerkki am ON am.id = u.merkki_id\n",
    "GROUP BY am.selite\n",
    "ORDER BY vuosi2022 DESC;"
   ]
  },
  {
   "cell_type": "raw",
   "id": "75fad73b-c457-4240-8288-ea3251e4b163",
   "metadata": {},
   "source": [
    "suoritussuunnitelma ilman indeksöintiä\n",
    "\n",
    "\"Sort  (cost=427801.32..427801.37 rows=20 width=448) (actual time=2214.455..2237.186 rows=20 loops=1)\"\n",
    "\"  Sort Key: (sum(((0)::bigint))) DESC\"\n",
    "\"  Sort Method: quicksort  Memory: 27kB\"\n",
    "\"  ->  GroupAggregate  (cost=427799.29..427800.89 rows=20 width=448) (actual time=2214.349..2237.172 rows=20 loops=1)\"\n",
    "\"        Group Key: am.selite\"\n",
    "\"        ->  Sort  (cost=427799.29..427799.34 rows=20 width=136) (actual time=2214.338..2237.070 rows=40 loops=1)\"\n",
    "\"              Sort Key: am.selite\"\n",
    "\"              Sort Method: quicksort  Memory: 30kB\"\n",
    "\"              ->  Hash Join  (cost=427797.94..427798.86 rows=20 width=136) (actual time=2214.262..2237.009 rows=40 loops=1)\"\n",
    "\"                    Hash Cond: (\"\"*SELECT* 1\"\".merkki_id = am.id)\"\n",
    "\"                    ->  HashAggregate  (cost=427796.49..427796.89 rows=40 width=108) (actual time=2214.236..2236.950 rows=40 loops=1)\"\n",
    "\"                          Group Key: \"\"*SELECT* 1\"\".merkki_id, \"\"*SELECT* 1\"\".vuosi2010, \"\"*SELECT* 1\"\".vuosi2011, \"\"*SELECT* 1\"\".vuosi2012, \"\"*SELECT* 1\"\".vuosi2013, \"\"*SELECT* 1\"\".vuosi2014, \"\"*SELECT* 1\"\".vuosi2015, \"\"*SELECT* 1\"\".vuosi2016, ((0)::bigint), ((0)::bigint), ((0)::bigint), ((0)::bigint), ((0)::bigint), ((0)::bigint)\"\n",
    "\"                          Batches: 1  Memory Usage: 32kB\"\n",
    "\"                          ->  Append  (cost=427722.22..427795.09 rows=40 width=108) (actual time=2213.772..2236.921 rows=40 loops=1)\"\n",
    "\"                                ->  Subquery Scan on \"\"*SELECT* 1\"\"  (cost=427722.22..427728.39 rows=20 width=108) (actual time=2213.771..2236.502 rows=20 loops=1)\"\n",
    "\"                                      ->  Finalize GroupAggregate  (cost=427722.22..427727.89 rows=20 width=84) (actual time=2213.770..2236.497 rows=20 loops=1)\"\n",
    "\"                                            Group Key: ar.merkki_id\"\n",
    "\"                                            ->  Gather Merge  (cost=427722.22..427726.89 rows=40 width=60) (actual time=2213.762..2236.473 rows=60 loops=1)\"\n",
    "\"                                                  Workers Planned: 2\"\n",
    "\"                                                  Workers Launched: 2\"\n",
    "\"                                                  ->  Sort  (cost=426722.20..426722.25 rows=20 width=60) (actual time=2104.061..2104.063 rows=20 loops=3)\"\n",
    "\"                                                        Sort Key: ar.merkki_id\"\n",
    "\"                                                        Sort Method: quicksort  Memory: 26kB\"\n",
    "\"                                                        Worker 0:  Sort Method: quicksort  Memory: 26kB\"\n",
    "\"                                                        Worker 1:  Sort Method: quicksort  Memory: 26kB\"\n",
    "\"                                                        ->  Partial HashAggregate  (cost=426721.57..426721.77 rows=20 width=60) (actual time=2104.019..2104.025 rows=20 loops=3)\"\n",
    "\"                                                              Group Key: ar.merkki_id\"\n",
    "\"                                                              Batches: 1  Memory Usage: 24kB\"\n",
    "\"                                                              Worker 0:  Batches: 1  Memory Usage: 24kB\"\n",
    "\"                                                              Worker 1:  Batches: 1  Memory Usage: 24kB\"\n",
    "\"                                                              ->  Parallel Seq Scan on ajoneuvorekisteroinnit ar  (cost=0.00..402804.21 rows=434861 width=8) (actual time=87.025..1442.698 rows=578516 loops=3)\"\n",
    "\"                                                                    Filter: ((merkki_id IS NOT NULL) AND ((ajoneuvoluokka)::text = 'M1'::text))\"\n",
    "\"                                                                    Rows Removed by Filter: 750266\"\n",
    "\"                                ->  Subquery Scan on \"\"*SELECT* 2\"\"  (cost=65.75..66.50 rows=20 width=108) (actual time=0.404..0.414 rows=20 loops=1)\"\n",
    "\"                                      ->  HashAggregate  (cost=65.75..65.95 rows=20 width=80) (actual time=0.402..0.409 rows=20 loops=1)\"\n",
    "\"                                            Group Key: rek.merkki_id\"\n",
    "\"                                            Batches: 1  Memory Usage: 24kB\"\n",
    "\"                                            ->  Seq Scan on rekisteroinnitmalleittain rek  (cost=0.00..50.12 rows=893 width=28) (actual time=0.038..0.233 rows=893 loops=1)\"\n",
    "\"                                                  Filter: (merkki_id IS NOT NULL)\"\n",
    "\"                                                  Rows Removed by Filter: 319\"\n",
    "\"                    ->  Hash  (cost=1.20..1.20 rows=20 width=36) (actual time=0.019..0.021 rows=20 loops=1)\"\n",
    "\"                          Buckets: 1024  Batches: 1  Memory Usage: 9kB\"\n",
    "\"                          ->  Seq Scan on ajoneuvomerkki am  (cost=0.00..1.20 rows=20 width=36) (actual time=0.012..0.014 rows=20 loops=1)\""
   ]
  },
  {
   "cell_type": "markdown",
   "id": "9137f746-a2c0-4e0b-8ce2-9bbbbc40b37d",
   "metadata": {},
   "source": [
    "#### viiden ajon keskimääräinen paikallisvaste ilman optimointia\n",
    "\n",
    "| Suorituskerta  | Suunnitteluaika | Suoritusaika | Yhteensä  |\r\n",
    "| -------------- | --------------- | ------------ | --------- |\r\n",
    "| 1.             | 0.388           | 2182.225     | 2182.613  |\r\n",
    "| 2.             | 0.384           | 2266.253     | 2266.637  |\r\n",
    "| 3.             | 0.386           | 2245.669       | 2226.285  |\r\n",
    "| 5.             | 0.383           | 2208.40      | 2208.923  |\r\n",
    "| -------------- | --------------- | ------------ | --------- |\r\n",
    "| Keskimäärin    | 0.390           | 2225713      | 2226.103  |\r\n"
   ]
  },
  {
   "cell_type": "raw",
   "id": "c2717560-e970-4283-bf8d-5503a3c7cbfb",
   "metadata": {},
   "source": [
    "Luodaan tietokantaan seuraavat indexit\n",
    "\n",
    "CREATE INDEX idx_ajoneuvorekisteroinnit_ajoneuvoluokka ON ajoneuvorekisteroinnit (ajoneuvoluokka);\n",
    "\n",
    "CREATE INDEX idx_ajoneuvorekisteroinnit_merkki_id ON ajoneuvorekisteroinnit (merkki_id);\n",
    "CREATE INDEX idx_rekisteroinnitmalleittain_merkki_id ON rekisteroinnitmalleittain (merkki_id);\n",
    "CREATE INDEX idx_ajoneuvomerkki_id ON ajoneuvomerkki (id);\n",
    "\n",
    "CREATE INDEX idx_ajoneuvorekisteroinnit_filter ON ajoneuvorekisteroinnit (ajoneuvoluokka, merkki_id);\n",
    "\n",
    "CREATE INDEX idx_rekisteroinnitmalleittain_merkki_id ON rekisteroinnitmalleittain (merkki_id);"
   ]
  },
  {
   "cell_type": "raw",
   "id": "6857f289-f824-4855-8631-de2d485320b1",
   "metadata": {},
   "source": [
    "suoritussuunnitelma indeksöinnin jälkeen\n",
    "\n",
    "\"Sort  (cost=311628.98..311629.03 rows=20 width=448) (actual time=1591.224..1613.464 rows=20 loops=1)\"\n",
    "\"  Sort Key: (sum(((0)::bigint))) DESC\"\n",
    "\"  Sort Method: quicksort  Memory: 27kB\"\n",
    "\"  ->  GroupAggregate  (cost=311626.95..311628.55 rows=20 width=448) (actual time=1591.092..1613.445 rows=20 loops=1)\"\n",
    "\"        Group Key: am.selite\"\n",
    "\"        ->  Sort  (cost=311626.95..311627.00 rows=20 width=136) (actual time=1591.079..1613.320 rows=40 loops=1)\"\n",
    "\"              Sort Key: am.selite\"\n",
    "\"              Sort Method: quicksort  Memory: 30kB\"\n",
    "\"              ->  Hash Join  (cost=311625.60..311626.52 rows=20 width=136) (actual time=1590.975..1613.241 rows=40 loops=1)\"\n",
    "\"                    Hash Cond: (\"\"*SELECT* 1\"\".merkki_id = am.id)\"\n",
    "\"                    ->  HashAggregate  (cost=311624.15..311624.55 rows=40 width=108) (actual time=1590.942..1613.192 rows=40 loops=1)\"\n",
    "\"                          Group Key: \"\"*SELECT* 1\"\".merkki_id, \"\"*SELECT* 1\"\".vuosi2010, \"\"*SELECT* 1\"\".vuosi2011, \"\"*SELECT* 1\"\".vuosi2012, \"\"*SELECT* 1\"\".vuosi2013, \"\"*SELECT* 1\"\".vuosi2014, \"\"*SELECT* 1\"\".vuosi2015, \"\"*SELECT* 1\"\".vuosi2016, ((0)::bigint), ((0)::bigint), ((0)::bigint), ((0)::bigint), ((0)::bigint), ((0)::bigint)\"\n",
    "\"                          Batches: 1  Memory Usage: 32kB\"\n",
    "\"                          ->  Append  (cost=1000.45..311622.75 rows=40 width=108) (actual time=1590.307..1613.149 rows=40 loops=1)\"\n",
    "\"                                ->  Subquery Scan on \"\"*SELECT* 1\"\"  (cost=1000.45..311556.05 rows=20 width=108) (actual time=1590.306..1612.568 rows=20 loops=1)\"\n",
    "\"                                      ->  Finalize GroupAggregate  (cost=1000.45..311555.55 rows=20 width=84) (actual time=1590.305..1612.562 rows=20 loops=1)\"\n",
    "\"                                            Group Key: ar.merkki_id\"\n",
    "\"                                            ->  Gather Merge  (cost=1000.45..311554.55 rows=40 width=60) (actual time=1589.001..1612.533 rows=42 loops=1)\"\n",
    "\"                                                  Workers Planned: 2\"\n",
    "\"                                                  Workers Launched: 2\"\n",
    "\"                                                  ->  Partial GroupAggregate  (cost=0.43..310549.91 rows=20 width=60) (actual time=171.829..1051.265 rows=14 loops=3)\"\n",
    "\"                                                        Group Key: ar.merkki_id\"\n",
    "\"                                                        ->  Parallel Index Scan using idx_ajoneuvorekisteroinnit_merkki_id on ajoneuvorekisteroinnit ar  (cost=0.43..286632.36 rows=434861 width=8) (actual time=0.026..296.785 rows=578516 loops=3)\"\n",
    "\"                                                              Index Cond: (merkki_id IS NOT NULL)\"\n",
    "\"                                                              Filter: ((ajoneuvoluokka)::text = 'M1'::text)\"\n",
    "\"                                                              Rows Removed by Filter: 142716\"\n",
    "\"                                ->  Subquery Scan on \"\"*SELECT* 2\"\"  (cost=65.75..66.50 rows=20 width=108) (actual time=0.564..0.576 rows=20 loops=1)\"\n",
    "\"                                      ->  HashAggregate  (cost=65.75..65.95 rows=20 width=80) (actual time=0.563..0.570 rows=20 loops=1)\"\n",
    "\"                                            Group Key: rek.merkki_id\"\n",
    "\"                                            Batches: 1  Memory Usage: 24kB\"\n",
    "\"                                            ->  Seq Scan on rekisteroinnitmalleittain rek  (cost=0.00..50.12 rows=893 width=28) (actual time=0.043..0.321 rows=893 loops=1)\"\n",
    "\"                                                  Filter: (merkki_id IS NOT NULL)\"\n",
    "\"                                                  Rows Removed by Filter: 319\"\n",
    "\"                    ->  Hash  (cost=1.20..1.20 rows=20 width=36) (actual time=0.024..0.025 rows=20 loops=1)\"\n",
    "\"                          Buckets: 1024  Batches: 1  Memory Usage: 9kB\"\n",
    "\"                          ->  Seq Scan on ajoneuvomerkki am  (cost=0.00..1.20 rows=20 width=36) (actual time=0.015..0.017 rows=20 loops=1)\""
   ]
  },
  {
   "cell_type": "markdown",
   "id": "4cc4a423-1c71-447d-9887-9dadf34dc24b",
   "metadata": {},
   "source": [
    "#### viiden ajon keskimääräinen paikallisvaste ilman optimointia\n",
    "\n",
    "| Suorituskerta  | Suunnitteluaika | Suoritusaika  | Yhteensä  |\n",
    "| -------------- | --------------- | ------------- | --------- |\n",
    "| 1.             | 0.487           | 1613.641      | 1614.128  |\n",
    "| 2.             | 0.390           | 1605.139      | 1605.529  |\n",
    "| 3.             | 0.524           | 1587.339      | 1587.863  |\n",
    "| 4.             | 0.474           | 1705.855      | 1706.329  |\n",
    "| 5.             | 0.380           | 1657.981      | 1658.361  |\n",
    "| -------------- | --------------- | ------------- | --------- |\n",
    "| Keskimäärin    | 0.451           | 1633.991      | 1634.442  |\n"
   ]
  },
  {
   "cell_type": "markdown",
   "id": "7f726840-2086-4270-ac78-7cc99608cebb",
   "metadata": {},
   "source": [
    "Tulokset\n",
    "\n",
    "Kyselyn suunnitteluaika kasvoi keskimäärin noin 13.5%, kun taas suoritusaika ja kokonaisaika laskivat keskimäärin noin 26.5%\n",
    "\n",
    "Kyselyn kokonaisuoritusaika laski keskimäärin noin  sekuntia"
   ]
  },
  {
   "cell_type": "code",
   "execution_count": null,
   "id": "ce587da6-e433-4806-a83a-410d90ded9fd",
   "metadata": {},
   "outputs": [],
   "source": []
  }
 ],
 "metadata": {
  "kernelspec": {
   "display_name": "Python 3 (ipykernel)",
   "language": "python",
   "name": "python3"
  },
  "language_info": {
   "codemirror_mode": {
    "name": "ipython",
    "version": 3
   },
   "file_extension": ".py",
   "mimetype": "text/x-python",
   "name": "python",
   "nbconvert_exporter": "python",
   "pygments_lexer": "ipython3",
   "version": "3.11.7"
  }
 },
 "nbformat": 4,
 "nbformat_minor": 5
}
